INFO: 2021-08-27 21:06:48,276: main() 'Using profile folder /home/timur/.config/variety/'
INFO: 2021-08-27 21:06:48,284: perform_upgrade() 'Last run version was 0.8.5 or earlier, current version is 0.8.5'
INFO: 2021-08-27 21:06:49,696: process_command() 'Received command: ['--profile', '/home/timur/.config/variety/']'
INFO: 2021-08-27 21:06:49,699: load_banned() 'Missing or invalid banned URLs list, no URLs will be banned'
INFO: 2021-08-27 21:06:50,123: start() 'Using data_path /usr/share/variety'
INFO: 2021-08-27 21:06:50,124: load() 'Jumble loading'
INFO: 2021-08-27 21:06:50,124: _walk_modules() 'Jumble loading module in __init__ from /usr/lib/python3.9/site-packages/variety/plugins/builtin/__init__.py'
INFO: 2021-08-27 21:06:50,177: _walk_modules() 'Jumble loading module in APODDownloader from /usr/lib/python3.9/site-packages/variety/plugins/builtin/downloaders/APODDownloader.py'
INFO: 2021-08-27 21:06:50,208: load() 'Jumble found plugin class: <class 'APODDownloader.APODDownloader'>: {'name': 'APODDownloader', 'description': 'NASA Astro Pic of the Day', 'author': 'Peter Levi', 'version': '0.1'}'
INFO: 2021-08-27 21:06:50,226: _walk_modules() 'Jumble loading module in BingDownloader from /usr/lib/python3.9/site-packages/variety/plugins/builtin/downloaders/BingDownloader.py'
INFO: 2021-08-27 21:06:50,227: load() 'Jumble found plugin class: <class 'BingDownloader.BingDownloader'>: {'name': 'BingDownloader', 'description': 'Фото дня от Bing', 'author': 'Peter Levi', 'version': '0.1'}'
INFO: 2021-08-27 21:06:50,229: _walk_modules() 'Jumble loading module in EarthviewDownloader from /usr/lib/python3.9/site-packages/variety/plugins/builtin/downloaders/EarthviewDownloader.py'
INFO: 2021-08-27 21:06:50,231: load() 'Jumble found plugin class: <class 'EarthviewDownloader.EarthviewDownloader'>: {'name': 'EarthviewDownloader', 'description': 'Google Earth View Wallpapers', 'author': 'Peter Levi', 'version': '0.1'}'
INFO: 2021-08-27 21:06:50,233: _walk_modules() 'Jumble loading module in MediaRSSDownloader from /usr/lib/python3.9/site-packages/variety/plugins/builtin/downloaders/MediaRSSDownloader.py'
INFO: 2021-08-27 21:06:50,252: _walk_modules() 'Jumble loading module in MediaRSSSource from /usr/lib/python3.9/site-packages/variety/plugins/builtin/downloaders/MediaRSSSource.py'
INFO: 2021-08-27 21:06:50,257: load() 'Jumble found plugin class: <class 'MediaRSSSource.MediaRSSSource'>: {'name': 'MediaRSSSource', 'description': 'Configurable source for fetching images from MediaRSS feeds', 'author': 'Peter Levi', 'version': '0.1'}'
INFO: 2021-08-27 21:06:50,258: _walk_modules() 'Jumble loading module in RedditDownloader from /usr/lib/python3.9/site-packages/variety/plugins/builtin/downloaders/RedditDownloader.py'
INFO: 2021-08-27 21:06:50,260: _walk_modules() 'Jumble loading module in RedditSource from /usr/lib/python3.9/site-packages/variety/plugins/builtin/downloaders/RedditSource.py'
INFO: 2021-08-27 21:06:50,263: load() 'Jumble found plugin class: <class 'RedditSource.RedditSource'>: {'name': 'RedditSource', 'description': 'Configurable source for fetching images from Reddit', 'author': 'Peter Levi', 'version': '0.1'}'
INFO: 2021-08-27 21:06:50,264: _walk_modules() 'Jumble loading module in UnsplashConfigurableSource from /usr/lib/python3.9/site-packages/variety/plugins/builtin/downloaders/UnsplashConfigurableSource.py'
INFO: 2021-08-27 21:06:50,272: load() 'Jumble found plugin class: <class 'UnsplashConfigurableSource.UnsplashConfigurableSource'>: {'name': 'UnsplashConfigurableSource', 'description': 'Configurable source for fetching photos from Unsplash.com', 'author': 'Peter Levi', 'version': '0.1'}'
INFO: 2021-08-27 21:06:50,273: _walk_modules() 'Jumble loading module in UnsplashDownloader from /usr/lib/python3.9/site-packages/variety/plugins/builtin/downloaders/UnsplashDownloader.py'
INFO: 2021-08-27 21:06:50,275: load() 'Jumble found plugin class: <class 'UnsplashDownloader.UnsplashDownloader'>: {'name': 'UnsplashDownloader', 'description': 'Фото высокого разрешения из Unsplash.com', 'author': 'Peter Levi', 'version': '0.1'}'
INFO: 2021-08-27 21:06:50,276: _walk_modules() 'Jumble loading module in WallhavenDownloader from /usr/lib/python3.9/site-packages/variety/plugins/builtin/downloaders/WallhavenDownloader.py'
INFO: 2021-08-27 21:06:50,303: _walk_modules() 'Jumble loading module in WallhavenSource from /usr/lib/python3.9/site-packages/variety/plugins/builtin/downloaders/WallhavenSource.py'
INFO: 2021-08-27 21:06:50,319: load() 'Jumble found plugin class: <class 'WallhavenSource.WallhavenSource'>: {'name': 'WallhavenSource', 'description': 'Configurable source for fetching images from Wallhaven.cc', 'author': 'Peter Levi', 'version': '0.1'}'
INFO: 2021-08-27 21:06:50,320: _walk_modules() 'Jumble loading module in __init__ from /usr/lib/python3.9/site-packages/variety/plugins/builtin/downloaders/__init__.py'
INFO: 2021-08-27 21:06:50,322: _walk_modules() 'Jumble loading module in FortuneSource from /usr/lib/python3.9/site-packages/variety/plugins/builtin/quotes/FortuneSource.py'
INFO: 2021-08-27 21:06:50,323: load() 'Jumble found plugin class: <class 'FortuneSource.FortuneSource'>: {'name': 'UNIX fortune program', 'description': 'Displays quotes using the UNIX fortune program. You may want to install additional fortune packs, e.g. fortunes-bofh-excuses.', 'author': 'Dan Jones', 'version': '0.1'}'
INFO: 2021-08-27 21:06:50,324: _walk_modules() 'Jumble loading module in GoodreadsSource from /usr/lib/python3.9/site-packages/variety/plugins/builtin/quotes/GoodreadsSource.py'
ERROR: 2021-08-27 21:06:50,327: _walk_modules() 'Could not load plugin module /usr/lib/python3.9/site-packages/variety/plugins/builtin/quotes/GoodreadsSource.py'
Traceback (most recent call last):
  File "/usr/lib/python3.9/site-packages/jumble/Jumble.py", line 45, in _walk_modules
    yield imp.load_module(name, *info), path
  File "/usr/lib64/python3.9/imp.py", line 234, in load_module
    return load_source(name, filename, file)
  File "/usr/lib64/python3.9/imp.py", line 171, in load_source
    module = _load(spec)
  File "<frozen importlib._bootstrap>", line 711, in _load
  File "<frozen importlib._bootstrap>", line 680, in _load_unlocked
  File "<frozen importlib._bootstrap_external>", line 850, in exec_module
  File "<frozen importlib._bootstrap>", line 228, in _call_with_frames_removed
  File "/usr/lib/python3.9/site-packages/variety/plugins/builtin/quotes/GoodreadsSource.py", line 21, in <module>
    from httplib2 import iri2uri
ModuleNotFoundError: No module named 'httplib2'
INFO: 2021-08-27 21:06:50,355: _walk_modules() 'Jumble loading module in LocalFilesSource from /usr/lib/python3.9/site-packages/variety/plugins/builtin/quotes/LocalFilesSource.py'
INFO: 2021-08-27 21:06:50,356: load() 'Jumble found plugin class: <class 'LocalFilesSource.LocalFilesSource'>: {'name': 'Local text files', 'description': 'Displays quotes, defined in local text files.\nPut your own txt files in: /home/timur/.config/variety/pluginconfig/quotes/.\nThe file format is:\n\nquote -- author\n.\nsecond quote -- another author\n.\netc...\n\nExample: http://rvelthuis.de/zips/quotes.txt', 'author': 'Peter Levi', 'version': '0.1'}'
INFO: 2021-08-27 21:06:50,358: _walk_modules() 'Jumble loading module in QuotationsPageSource from /usr/lib/python3.9/site-packages/variety/plugins/builtin/quotes/QuotationsPageSource.py'
ERROR: 2021-08-27 21:06:50,359: _walk_modules() 'Could not load plugin module /usr/lib/python3.9/site-packages/variety/plugins/builtin/quotes/QuotationsPageSource.py'
Traceback (most recent call last):
  File "/usr/lib/python3.9/site-packages/jumble/Jumble.py", line 45, in _walk_modules
    yield imp.load_module(name, *info), path
  File "/usr/lib64/python3.9/imp.py", line 234, in load_module
    return load_source(name, filename, file)
  File "/usr/lib64/python3.9/imp.py", line 171, in load_source
    module = _load(spec)
  File "<frozen importlib._bootstrap>", line 711, in _load
  File "<frozen importlib._bootstrap>", line 680, in _load_unlocked
  File "<frozen importlib._bootstrap_external>", line 850, in exec_module
  File "<frozen importlib._bootstrap>", line 228, in _call_with_frames_removed
  File "/usr/lib/python3.9/site-packages/variety/plugins/builtin/quotes/QuotationsPageSource.py", line 22, in <module>
    from httplib2 import iri2uri
ModuleNotFoundError: No module named 'httplib2'
INFO: 2021-08-27 21:06:50,361: _walk_modules() 'Jumble loading module in UrbanDictionarySource from /usr/lib/python3.9/site-packages/variety/plugins/builtin/quotes/UrbanDictionarySource.py'
INFO: 2021-08-27 21:06:50,362: load() 'Jumble found plugin class: <class 'UrbanDictionarySource.UrbanDictionarySource'>: {'name': 'Urban Dictionary', 'description': 'Displays definitions from Urban Dictionary', 'author': 'James Miller', 'version': '0.1'}'
INFO: 2021-08-27 21:06:50,363: _walk_modules() 'Jumble loading module in __init__ from /usr/lib/python3.9/site-packages/variety/plugins/builtin/quotes/__init__.py'
INFO: 2021-08-27 21:06:50,485: reload_config() 'Creating new downloader for type unsplash, location High-resolution photos from Unsplash.com'
INFO: 2021-08-27 21:06:50,486: log_options() 'Loaded options:'
INFO: 2021-08-27 21:06:50,487: log_options() 'change_enabled = True'
INFO: 2021-08-27 21:06:50,487: log_options() 'change_interval = 1800'
INFO: 2021-08-27 21:06:50,487: log_options() 'change_on_start = False'
INFO: 2021-08-27 21:06:50,487: log_options() 'clipboard_enabled = False'
INFO: 2021-08-27 21:06:50,487: log_options() 'clipboard_hosts = ['wallhaven.cc', 'wallpapers.net', 'flickr.com', 'imgur.com', 'deviantart.com', 'interfacelift.com', 'vladstudio.com', 'imageshack.us', 'deviantart.net', 'imageshack.com']'
INFO: 2021-08-27 21:06:50,487: log_options() 'clipboard_use_whitelist = True'
INFO: 2021-08-27 21:06:50,488: log_options() 'clock_date_font = Ubuntu Condensed, 30'
INFO: 2021-08-27 21:06:50,488: log_options() 'clock_enabled = False'
INFO: 2021-08-27 21:06:50,488: log_options() 'clock_filter = -density 100 -font `fc-match -f '%{file[0]}' '%CLOCK_FONT_NAME'` -pointsize %CLOCK_FONT_SIZE -gravity SouthEast -fill '#00000044' -annotate 0x0+[%HOFFSET+58]+[%VOFFSET+108] '%H:%M' -fill white -annotate 0x0+[%HOFFSET+60]+[%VOFFSET+110] '%H:%M' -font `fc-match -f '%{file[0]}' '%DATE_FONT_NAME'` -pointsize %DATE_FONT_SIZE -fill '#00000044' -annotate 0x0+[%HOFFSET+58]+[%VOFFSET+58] '%A, %B %d' -fill white -annotate 0x0+[%HOFFSET+60]+[%VOFFSET+60] '%A, %B %d''
INFO: 2021-08-27 21:06:50,488: log_options() 'clock_font = Ubuntu Condensed, 70'
INFO: 2021-08-27 21:06:50,488: log_options() 'configfile = /home/timur/.config/variety/variety.conf'
INFO: 2021-08-27 21:06:50,488: log_options() 'copyto_enabled = False'
INFO: 2021-08-27 21:06:50,488: log_options() 'copyto_folder = Default'
INFO: 2021-08-27 21:06:50,488: log_options() 'desired_color = [160, 160, 160]'
INFO: 2021-08-27 21:06:50,489: log_options() 'desired_color_enabled = False'
INFO: 2021-08-27 21:06:50,489: log_options() 'download_folder = /home/timur/.config/variety/Downloaded'
INFO: 2021-08-27 21:06:50,489: log_options() 'download_preference_ratio = 0.9'
INFO: 2021-08-27 21:06:50,489: log_options() 'favorites_folder = /home/timur/.config/variety/Favorites'
INFO: 2021-08-27 21:06:50,489: log_options() 'favorites_operations = [['Downloaded', 'Copy'], ['Fetched', 'Move'], ['Others', 'Copy']]'
INFO: 2021-08-27 21:06:50,489: log_options() 'fetched_folder = /home/timur/.config/variety/Fetched'
INFO: 2021-08-27 21:06:50,489: log_options() 'filters = [[False, 'Keep original', ''], [False, 'Grayscale', '-type Grayscale'], [False, 'Heavy blur', '-blur 120x40'], [False, 'Soft blur', '-blur 20x7'], [False, 'Oil painting', '-paint 8'], [False, 'Pointilism', '-spread 10 -noise 3'], [False, 'Pixellate', '-scale 3% -scale 3333%']]'
INFO: 2021-08-27 21:06:50,489: log_options() 'icon = Light'
INFO: 2021-08-27 21:06:50,490: log_options() 'lightness_enabled = False'
INFO: 2021-08-27 21:06:50,490: log_options() 'lightness_mode = 0'
INFO: 2021-08-27 21:06:50,490: log_options() 'min_rating = 4'
INFO: 2021-08-27 21:06:50,490: log_options() 'min_rating_enabled = False'
INFO: 2021-08-27 21:06:50,490: log_options() 'min_size = 80'
INFO: 2021-08-27 21:06:50,490: log_options() 'min_size_enabled = False'
INFO: 2021-08-27 21:06:50,490: log_options() 'quota_enabled = True'
INFO: 2021-08-27 21:06:50,490: log_options() 'quota_size = 1000'
INFO: 2021-08-27 21:06:50,490: log_options() 'quotes_authors = '
INFO: 2021-08-27 21:06:50,491: log_options() 'quotes_bg_color = [80, 80, 80]'
INFO: 2021-08-27 21:06:50,491: log_options() 'quotes_bg_opacity = 55'
INFO: 2021-08-27 21:06:50,491: log_options() 'quotes_change_enabled = False'
INFO: 2021-08-27 21:06:50,491: log_options() 'quotes_change_interval = 300'
INFO: 2021-08-27 21:06:50,491: log_options() 'quotes_disabled_sources = ['Urban Dictionary']'
INFO: 2021-08-27 21:06:50,491: log_options() 'quotes_enabled = False'
INFO: 2021-08-27 21:06:50,491: log_options() 'quotes_favorites_file = /home/timur/.config/variety/favorite_quotes.txt'
INFO: 2021-08-27 21:06:50,491: log_options() 'quotes_font = Bitstream Charter 30'
INFO: 2021-08-27 21:06:50,492: log_options() 'quotes_hpos = 100'
INFO: 2021-08-27 21:06:50,492: log_options() 'quotes_max_length = 250'
INFO: 2021-08-27 21:06:50,492: log_options() 'quotes_tags = '
INFO: 2021-08-27 21:06:50,492: log_options() 'quotes_text_color = [255, 255, 255]'
INFO: 2021-08-27 21:06:50,492: log_options() 'quotes_text_shadow = False'
INFO: 2021-08-27 21:06:50,492: log_options() 'quotes_vpos = 40'
INFO: 2021-08-27 21:06:50,492: log_options() 'quotes_width = 70'
INFO: 2021-08-27 21:06:50,492: log_options() 'safe_mode = False'
INFO: 2021-08-27 21:06:50,492: log_options() 'slideshow_custom_enabled = False'
INFO: 2021-08-27 21:06:50,493: log_options() 'slideshow_custom_folder = /home/timur/Изображения'
INFO: 2021-08-27 21:06:50,493: log_options() 'slideshow_downloads_enabled = False'
INFO: 2021-08-27 21:06:50,493: log_options() 'slideshow_fade = 0.4'
INFO: 2021-08-27 21:06:50,493: log_options() 'slideshow_favorites_enabled = True'
INFO: 2021-08-27 21:06:50,493: log_options() 'slideshow_mode = Fullscreen'
INFO: 2021-08-27 21:06:50,493: log_options() 'slideshow_monitor = All'
INFO: 2021-08-27 21:06:50,493: log_options() 'slideshow_pan = 0.05'
INFO: 2021-08-27 21:06:50,493: log_options() 'slideshow_seconds = 6.0'
INFO: 2021-08-27 21:06:50,494: log_options() 'slideshow_sort_order = Random'
INFO: 2021-08-27 21:06:50,494: log_options() 'slideshow_sources_enabled = True'
INFO: 2021-08-27 21:06:50,494: log_options() 'slideshow_zoom = 0.2'
INFO: 2021-08-27 21:06:50,494: log_options() 'smart_enabled = False'
INFO: 2021-08-27 21:06:50,494: log_options() 'smart_notice_shown = False'
INFO: 2021-08-27 21:06:50,494: log_options() 'smart_register_shown = False'
INFO: 2021-08-27 21:06:50,494: log_options() 'sources = [[True, 'favorites', 'The Favorites folder'], [True, 'fetched', 'The Fetched folder'], [True, 'folder', '/usr/share/backgrounds'], [False, 'flickr', 'user:www.flickr.com/photos/peter-levi/;user_id:93647178@N00;'], [False, 'apod', "NASA's Astronomy Picture of the Day"], [False, 'bing', 'Bing Photo of the Day'], [False, 'earthview', 'Google Earth View Wallpapers'], [True, 'unsplash', 'High-resolution photos from Unsplash.com']]'
INFO: 2021-08-27 21:06:50,494: log_options() 'stats_enabled = True'
INFO: 2021-08-27 21:06:50,494: log_options() 'stats_notice_shown = False'
INFO: 2021-08-27 21:06:50,495: log_options() 'sync_enabled = True'
INFO: 2021-08-27 21:06:50,495: log_options() 'use_landscape_enabled = True'
INFO: 2021-08-27 21:06:50,495: reload_config() 'No need to clear prepared queue'
INFO: 2021-08-27 21:06:50,495: update_indicator() 'Setting file info to: /home/timur/.config/variety/Downloaded/Unsplash/photo-1627556704387-e3f28658e782.jpg'
INFO: 2021-08-27 21:06:50,499: load_last_change_time() 'Change interval < 6 hours, ignore persisted last_change_time, wait initially the whole interval: 1800'
INFO: 2021-08-27 21:06:50,499: update_indicator() 'Setting file info to: /home/timur/.config/variety/Downloaded/Unsplash/photo-1627556704387-e3f28658e782.jpg'
INFO: 2021-08-27 21:06:50,501: regular_change_thread() 'regular_change thread running'
INFO: 2021-08-27 21:06:50,502: prepare_thread() 'Prepare thread running'
INFO: 2021-08-27 21:06:50,503: prepare_thread() 'Prepared buffer contains 0 images'
INFO: 2021-08-27 21:06:50,503: prepare_thread() 'Preparing some images'
INFO: 2021-08-27 21:06:50,507: update_indicator_icon() 'Creating indicator'
INFO: 2021-08-27 21:06:50,599: do_set_wp() 'Calling do_set_wp with /home/timur/.config/variety/Downloaded/Unsplash/photo-1627556704387-e3f28658e782.jpg, time: 1630080410.5992491'
WARNING: 2021-08-27 21:06:50,673: create_menu() 'Variety Slideshow is not installed. This is an optional extension adding pan-and-zoom slideshows to Variety: see https://github.com/peterlevi/variety-slideshow for details'
INFO: 2021-08-27 21:06:50,676: create_indicator() 'indicator backend: AppIndicator3'
INFO: 2021-08-27 21:06:50,678: update_indicator() 'Setting file info to: /home/timur/.config/variety/Downloaded/Unsplash/photo-1627556704387-e3f28658e782.jpg'
INFO: 2021-08-27 21:06:50,689: set_from_theme_icon() 'Showing indicator icon variety-indicator from GTK theme'
INFO: 2021-08-27 21:06:52,317: reload() 'Reloading preferences dialog'
INFO: 2021-08-27 21:06:54,665: prepare_thread() 'After search prepared buffer contains 100 images'
INFO: 2021-08-27 21:06:56,665: trigger_download() 'Triggering download thread to check if download needed'
INFO: 2021-08-27 21:07:10,523: server_options_thread() 'Fetching server options from http://tiny.cc/variety-options-063'
INFO: 2021-08-27 21:07:11,789: server_options_thread() 'Fetched server options: {'flickr': {'min_fill_queue_interval': 1200, 'min_download_interval': 1200}, 'wallbase': {'min_fill_queue_interval': 1800, 'min_download_interval': 1800}, 'wallhaven': {'min_fill_queue_interval': 1800, 'min_download_interval': 1800}, 'wallpapers.net': {'min_fill_queue_interval': 601, 'min_download_interval': 0}, 'unsplash': {'min_fill_queue_interval': 20000000000, 'min_download_interval': 20000000000}, 'unsplash_v2': {'min_fill_queue_interval': 2000, 'min_download_interval': 1200}, 'status_message': {'0.0.1': '', '*': ''}}'
INFO: 2021-08-27 21:36:50,499: regular_change_thread() 'regular_change changes wallpaper'
INFO: 2021-08-27 21:36:50,499: set_wallpaper() 'Calling set_wallpaper with /home/timur/.config/variety/Downloaded/Unsplash/photo-1627669638788-ceffe0800a94.jpg'
INFO: 2021-08-27 21:36:50,499: prepare_thread() 'Prepared buffer contains 100 images'
INFO: 2021-08-27 21:36:50,500: do_set_wp() 'Calling do_set_wp with /home/timur/.config/variety/Downloaded/Unsplash/photo-1627669638788-ceffe0800a94.jpg, time: 1630082210.5004902'
INFO: 2021-08-27 21:36:50,510: update_indicator() 'Setting file info to: /home/timur/.config/variety/Downloaded/Unsplash/photo-1627669638788-ceffe0800a94.jpg'
INFO: 2021-08-27 21:36:50,511: list_files() 'More than 1 files in the folders, stop listing'
INFO: 2021-08-27 21:36:52,500: trigger_download() 'Triggering download thread to check if download needed'
INFO: 2021-08-27 21:36:52,500: get_throttling() 'Unsplash.com: parsing serverside options'
INFO: 2021-08-27 21:36:52,500: get_throttling() 'Unsplash.com serverside options: {'min_fill_queue_interval': 2000, 'min_download_interval': 1200}'
INFO: 2021-08-27 21:36:52,500: get_throttling() 'Unsplash.com: parsing serverside options'
INFO: 2021-08-27 21:36:52,500: get_throttling() 'Unsplash.com serverside options: {'min_fill_queue_interval': 2000, 'min_download_interval': 1200}'
INFO: 2021-08-27 21:36:52,500: download_one() 'Unsplash.com: Downloading an image, config: None'
INFO: 2021-08-27 21:36:52,500: download_one() 'Unsplash.com: Queue size: 0'
INFO: 2021-08-27 21:36:52,500: trigger_download() 'Triggering download thread to check if download needed'
INFO: 2021-08-27 21:36:52,500: get_throttling() 'Unsplash.com: parsing serverside options'
INFO: 2021-08-27 21:36:52,501: get_throttling() 'Unsplash.com serverside options: {'min_fill_queue_interval': 2000, 'min_download_interval': 1200}'
INFO: 2021-08-27 21:36:52,501: download_one() 'Unsplash.com: Filling queue'
INFO: 2021-08-27 21:36:52,501: fill_queue() 'Filling Unsplash queue from https://api.unsplash.com/photos/random?count=30&client_id=072e5048dfcb73a8d9ad59fcf402471518ff8df725df462b0c4fa665f466515a&orientation=landscape'
ERROR: 2021-08-27 21:36:52,961: download_one_from() 'Could not download wallpaper:'
Traceback (most recent call last):
  File "/usr/lib/python3.9/site-packages/variety/VarietyWindow.py", line 1160, in download_one_from
    file = downloader.download_one()
  File "/usr/lib/python3.9/site-packages/variety/plugins/downloaders/DefaultDownloader.py", line 141, in download_one
    items = self.fill_queue()
  File "/usr/lib/python3.9/site-packages/variety/plugins/builtin/downloaders/UnsplashDownloader.py", line 87, in fill_queue
    r = Util.request(url)
  File "/usr/lib/python3.9/site-packages/variety/Util.py", line 623, in request
    r.raise_for_status()
  File "/usr/lib/python3.9/site-packages/requests/models.py", line 943, in raise_for_status
    raise HTTPError(http_error_msg, response=self)
requests.exceptions.HTTPError: 403 Client Error: Forbidden for url: https://api.unsplash.com/photos/random?count=30&client_id=072e5048dfcb73a8d9ad59fcf402471518ff8df725df462b0c4fa665f466515a&orientation=landscape
INFO: 2021-08-27 21:39:53,964: get_throttling() 'Unsplash.com: parsing serverside options'
INFO: 2021-08-27 21:39:53,964: get_throttling() 'Unsplash.com serverside options: {'min_fill_queue_interval': 2000, 'min_download_interval': 1200}'
INFO: 2021-08-27 21:39:53,964: get_throttling() 'Unsplash.com: parsing serverside options'
INFO: 2021-08-27 21:39:53,964: get_throttling() 'Unsplash.com serverside options: {'min_fill_queue_interval': 2000, 'min_download_interval': 1200}'
INFO: 2021-08-27 21:39:53,964: download_one() 'Unsplash.com: Downloading an image, config: None'
INFO: 2021-08-27 21:39:53,964: download_one() 'Unsplash.com: Queue size: 0'
INFO: 2021-08-27 21:39:53,964: get_throttling() 'Unsplash.com: parsing serverside options'
INFO: 2021-08-27 21:39:53,964: get_throttling() 'Unsplash.com serverside options: {'min_fill_queue_interval': 2000, 'min_download_interval': 1200}'
INFO: 2021-08-27 21:39:53,964: download_one() 'Unsplash.com: Queue empty, but max_queue_fills_per_hour of 1 reached, will try again later'
INFO: 2021-08-27 21:42:54,965: get_throttling() 'Unsplash.com: parsing serverside options'
INFO: 2021-08-27 21:42:54,965: get_throttling() 'Unsplash.com serverside options: {'min_fill_queue_interval': 2000, 'min_download_interval': 1200}'
INFO: 2021-08-27 21:42:54,965: get_throttling() 'Unsplash.com: parsing serverside options'
INFO: 2021-08-27 21:42:54,965: get_throttling() 'Unsplash.com serverside options: {'min_fill_queue_interval': 2000, 'min_download_interval': 1200}'
INFO: 2021-08-27 21:42:54,966: download_one() 'Unsplash.com: Downloading an image, config: None'
INFO: 2021-08-27 21:42:54,966: download_one() 'Unsplash.com: Queue size: 0'
INFO: 2021-08-27 21:42:54,966: get_throttling() 'Unsplash.com: parsing serverside options'
INFO: 2021-08-27 21:42:54,966: get_throttling() 'Unsplash.com serverside options: {'min_fill_queue_interval': 2000, 'min_download_interval': 1200}'
INFO: 2021-08-27 21:42:54,966: download_one() 'Unsplash.com: Queue empty, but max_queue_fills_per_hour of 1 reached, will try again later'
INFO: 2021-08-27 21:45:55,968: get_throttling() 'Unsplash.com: parsing serverside options'
INFO: 2021-08-27 21:45:55,969: get_throttling() 'Unsplash.com serverside options: {'min_fill_queue_interval': 2000, 'min_download_interval': 1200}'
INFO: 2021-08-27 21:45:55,969: get_throttling() 'Unsplash.com: parsing serverside options'
INFO: 2021-08-27 21:45:55,969: get_throttling() 'Unsplash.com serverside options: {'min_fill_queue_interval': 2000, 'min_download_interval': 1200}'
INFO: 2021-08-27 21:45:55,969: download_one() 'Unsplash.com: Downloading an image, config: None'
INFO: 2021-08-27 21:45:55,970: download_one() 'Unsplash.com: Queue size: 0'
INFO: 2021-08-27 21:45:55,970: get_throttling() 'Unsplash.com: parsing serverside options'
INFO: 2021-08-27 21:45:55,970: get_throttling() 'Unsplash.com serverside options: {'min_fill_queue_interval': 2000, 'min_download_interval': 1200}'
INFO: 2021-08-27 21:45:55,970: download_one() 'Unsplash.com: Queue empty, but max_queue_fills_per_hour of 1 reached, will try again later'
INFO: 2021-08-27 21:48:56,972: get_throttling() 'Unsplash.com: parsing serverside options'
INFO: 2021-08-27 21:48:56,972: get_throttling() 'Unsplash.com serverside options: {'min_fill_queue_interval': 2000, 'min_download_interval': 1200}'
INFO: 2021-08-27 21:48:56,972: get_throttling() 'Unsplash.com: parsing serverside options'
INFO: 2021-08-27 21:48:56,973: get_throttling() 'Unsplash.com serverside options: {'min_fill_queue_interval': 2000, 'min_download_interval': 1200}'
INFO: 2021-08-27 21:48:56,973: download_one() 'Unsplash.com: Downloading an image, config: None'
INFO: 2021-08-27 21:48:56,973: download_one() 'Unsplash.com: Queue size: 0'
INFO: 2021-08-27 21:48:56,973: get_throttling() 'Unsplash.com: parsing serverside options'
INFO: 2021-08-27 21:48:56,973: get_throttling() 'Unsplash.com serverside options: {'min_fill_queue_interval': 2000, 'min_download_interval': 1200}'
INFO: 2021-08-27 21:48:56,973: download_one() 'Unsplash.com: Queue empty, but max_queue_fills_per_hour of 1 reached, will try again later'
INFO: 2021-08-27 21:51:57,975: get_throttling() 'Unsplash.com: parsing serverside options'
INFO: 2021-08-27 21:51:57,975: get_throttling() 'Unsplash.com serverside options: {'min_fill_queue_interval': 2000, 'min_download_interval': 1200}'
INFO: 2021-08-27 21:51:57,975: get_throttling() 'Unsplash.com: parsing serverside options'
INFO: 2021-08-27 21:51:57,975: get_throttling() 'Unsplash.com serverside options: {'min_fill_queue_interval': 2000, 'min_download_interval': 1200}'
INFO: 2021-08-27 21:51:57,975: download_one() 'Unsplash.com: Downloading an image, config: None'
INFO: 2021-08-27 21:51:57,975: download_one() 'Unsplash.com: Queue size: 0'
INFO: 2021-08-27 21:51:57,975: get_throttling() 'Unsplash.com: parsing serverside options'
INFO: 2021-08-27 21:51:57,976: get_throttling() 'Unsplash.com serverside options: {'min_fill_queue_interval': 2000, 'min_download_interval': 1200}'
INFO: 2021-08-27 21:51:57,976: download_one() 'Unsplash.com: Queue empty, but max_queue_fills_per_hour of 1 reached, will try again later'
INFO: 2021-08-27 21:54:58,977: get_throttling() 'Unsplash.com: parsing serverside options'
INFO: 2021-08-27 21:54:58,977: get_throttling() 'Unsplash.com serverside options: {'min_fill_queue_interval': 2000, 'min_download_interval': 1200}'
INFO: 2021-08-27 21:54:58,977: get_throttling() 'Unsplash.com: parsing serverside options'
INFO: 2021-08-27 21:54:58,977: get_throttling() 'Unsplash.com serverside options: {'min_fill_queue_interval': 2000, 'min_download_interval': 1200}'
INFO: 2021-08-27 21:54:58,978: download_one() 'Unsplash.com: Downloading an image, config: None'
INFO: 2021-08-27 21:54:58,978: download_one() 'Unsplash.com: Queue size: 0'
INFO: 2021-08-27 21:54:58,978: get_throttling() 'Unsplash.com: parsing serverside options'
INFO: 2021-08-27 21:54:58,978: get_throttling() 'Unsplash.com serverside options: {'min_fill_queue_interval': 2000, 'min_download_interval': 1200}'
INFO: 2021-08-27 21:54:58,978: download_one() 'Unsplash.com: Queue empty, but max_queue_fills_per_hour of 1 reached, will try again later'
INFO: 2021-08-27 21:57:59,980: get_throttling() 'Unsplash.com: parsing serverside options'
INFO: 2021-08-27 21:57:59,980: get_throttling() 'Unsplash.com serverside options: {'min_fill_queue_interval': 2000, 'min_download_interval': 1200}'
INFO: 2021-08-27 21:57:59,980: get_throttling() 'Unsplash.com: parsing serverside options'
INFO: 2021-08-27 21:57:59,980: get_throttling() 'Unsplash.com serverside options: {'min_fill_queue_interval': 2000, 'min_download_interval': 1200}'
INFO: 2021-08-27 21:57:59,980: download_one() 'Unsplash.com: Downloading an image, config: None'
INFO: 2021-08-27 21:57:59,980: download_one() 'Unsplash.com: Queue size: 0'
INFO: 2021-08-27 21:57:59,981: get_throttling() 'Unsplash.com: parsing serverside options'
INFO: 2021-08-27 21:57:59,981: get_throttling() 'Unsplash.com serverside options: {'min_fill_queue_interval': 2000, 'min_download_interval': 1200}'
INFO: 2021-08-27 21:57:59,981: download_one() 'Unsplash.com: Queue empty, but max_queue_fills_per_hour of 1 reached, will try again later'
INFO: 2021-08-27 22:01:00,982: get_throttling() 'Unsplash.com: parsing serverside options'
INFO: 2021-08-27 22:01:00,982: get_throttling() 'Unsplash.com serverside options: {'min_fill_queue_interval': 2000, 'min_download_interval': 1200}'
INFO: 2021-08-27 22:01:00,982: get_throttling() 'Unsplash.com: parsing serverside options'
INFO: 2021-08-27 22:01:00,983: get_throttling() 'Unsplash.com serverside options: {'min_fill_queue_interval': 2000, 'min_download_interval': 1200}'
INFO: 2021-08-27 22:01:00,983: download_one() 'Unsplash.com: Downloading an image, config: None'
INFO: 2021-08-27 22:01:00,983: download_one() 'Unsplash.com: Queue size: 0'
INFO: 2021-08-27 22:01:00,983: get_throttling() 'Unsplash.com: parsing serverside options'
INFO: 2021-08-27 22:01:00,984: get_throttling() 'Unsplash.com serverside options: {'min_fill_queue_interval': 2000, 'min_download_interval': 1200}'
INFO: 2021-08-27 22:01:00,984: download_one() 'Unsplash.com: Queue empty, but max_queue_fills_per_hour of 1 reached, will try again later'
INFO: 2021-08-27 22:04:01,985: get_throttling() 'Unsplash.com: parsing serverside options'
INFO: 2021-08-27 22:04:01,985: get_throttling() 'Unsplash.com serverside options: {'min_fill_queue_interval': 2000, 'min_download_interval': 1200}'
INFO: 2021-08-27 22:04:01,985: get_throttling() 'Unsplash.com: parsing serverside options'
INFO: 2021-08-27 22:04:01,985: get_throttling() 'Unsplash.com serverside options: {'min_fill_queue_interval': 2000, 'min_download_interval': 1200}'
INFO: 2021-08-27 22:04:01,985: download_one() 'Unsplash.com: Downloading an image, config: None'
INFO: 2021-08-27 22:04:01,985: download_one() 'Unsplash.com: Queue size: 0'
INFO: 2021-08-27 22:04:01,985: get_throttling() 'Unsplash.com: parsing serverside options'
INFO: 2021-08-27 22:04:01,985: get_throttling() 'Unsplash.com serverside options: {'min_fill_queue_interval': 2000, 'min_download_interval': 1200}'
INFO: 2021-08-27 22:04:01,985: download_one() 'Unsplash.com: Queue empty, but max_queue_fills_per_hour of 1 reached, will try again later'
INFO: 2021-08-27 22:06:50,555: regular_change_thread() 'regular_change changes wallpaper'
INFO: 2021-08-27 22:06:50,556: set_wallpaper() 'Calling set_wallpaper with /home/timur/.config/variety/Downloaded/Unsplash/photo-1627727240040-c07d7f6f24b6.jpg'
INFO: 2021-08-27 22:06:50,556: prepare_thread() 'Prepared buffer contains 100 images'
INFO: 2021-08-27 22:06:50,559: do_set_wp() 'Calling do_set_wp with /home/timur/.config/variety/Downloaded/Unsplash/photo-1627727240040-c07d7f6f24b6.jpg, time: 1630084010.558998'
INFO: 2021-08-27 22:06:50,584: update_indicator() 'Setting file info to: /home/timur/.config/variety/Downloaded/Unsplash/photo-1627727240040-c07d7f6f24b6.jpg'
INFO: 2021-08-27 22:06:50,589: list_files() 'More than 1 files in the folders, stop listing'
INFO: 2021-08-27 22:06:52,557: trigger_download() 'Triggering download thread to check if download needed'
INFO: 2021-08-27 22:06:52,558: get_throttling() 'Unsplash.com: parsing serverside options'
INFO: 2021-08-27 22:06:52,558: get_throttling() 'Unsplash.com serverside options: {'min_fill_queue_interval': 2000, 'min_download_interval': 1200}'
INFO: 2021-08-27 22:06:52,559: get_throttling() 'Unsplash.com: parsing serverside options'
INFO: 2021-08-27 22:06:52,559: get_throttling() 'Unsplash.com serverside options: {'min_fill_queue_interval': 2000, 'min_download_interval': 1200}'
INFO: 2021-08-27 22:06:52,559: download_one() 'Unsplash.com: Downloading an image, config: None'
INFO: 2021-08-27 22:06:52,559: download_one() 'Unsplash.com: Queue size: 0'
INFO: 2021-08-27 22:06:52,559: get_throttling() 'Unsplash.com: parsing serverside options'
INFO: 2021-08-27 22:06:52,559: trigger_download() 'Triggering download thread to check if download needed'
INFO: 2021-08-27 22:06:52,560: get_throttling() 'Unsplash.com serverside options: {'min_fill_queue_interval': 2000, 'min_download_interval': 1200}'
INFO: 2021-08-27 22:06:52,560: download_one() 'Unsplash.com: Queue empty, but max_queue_fills_per_hour of 1 reached, will try again later'
INFO: 2021-08-27 22:09:53,562: get_throttling() 'Unsplash.com: parsing serverside options'
INFO: 2021-08-27 22:09:53,562: get_throttling() 'Unsplash.com serverside options: {'min_fill_queue_interval': 2000, 'min_download_interval': 1200}'
INFO: 2021-08-27 22:09:53,562: get_throttling() 'Unsplash.com: parsing serverside options'
INFO: 2021-08-27 22:09:53,562: get_throttling() 'Unsplash.com serverside options: {'min_fill_queue_interval': 2000, 'min_download_interval': 1200}'
INFO: 2021-08-27 22:09:53,562: download_one() 'Unsplash.com: Downloading an image, config: None'
INFO: 2021-08-27 22:09:53,562: download_one() 'Unsplash.com: Queue size: 0'
INFO: 2021-08-27 22:09:53,562: get_throttling() 'Unsplash.com: parsing serverside options'
INFO: 2021-08-27 22:09:53,562: get_throttling() 'Unsplash.com serverside options: {'min_fill_queue_interval': 2000, 'min_download_interval': 1200}'
INFO: 2021-08-27 22:09:53,562: download_one() 'Unsplash.com: Queue empty, but max_queue_fills_per_hour of 1 reached, will try again later'
INFO: 2021-08-27 22:12:54,564: get_throttling() 'Unsplash.com: parsing serverside options'
INFO: 2021-08-27 22:12:54,564: get_throttling() 'Unsplash.com serverside options: {'min_fill_queue_interval': 2000, 'min_download_interval': 1200}'
INFO: 2021-08-27 22:12:54,564: get_throttling() 'Unsplash.com: parsing serverside options'
INFO: 2021-08-27 22:12:54,565: get_throttling() 'Unsplash.com serverside options: {'min_fill_queue_interval': 2000, 'min_download_interval': 1200}'
INFO: 2021-08-27 22:12:54,565: download_one() 'Unsplash.com: Downloading an image, config: None'
INFO: 2021-08-27 22:12:54,565: download_one() 'Unsplash.com: Queue size: 0'
INFO: 2021-08-27 22:12:54,565: get_throttling() 'Unsplash.com: parsing serverside options'
INFO: 2021-08-27 22:12:54,565: get_throttling() 'Unsplash.com serverside options: {'min_fill_queue_interval': 2000, 'min_download_interval': 1200}'
INFO: 2021-08-27 22:12:54,565: download_one() 'Unsplash.com: Queue empty, but max_queue_fills_per_hour of 1 reached, will try again later'
INFO: 2021-08-27 22:15:55,568: get_throttling() 'Unsplash.com: parsing serverside options'
INFO: 2021-08-27 22:15:55,568: get_throttling() 'Unsplash.com serverside options: {'min_fill_queue_interval': 2000, 'min_download_interval': 1200}'
INFO: 2021-08-27 22:15:55,568: get_throttling() 'Unsplash.com: parsing serverside options'
INFO: 2021-08-27 22:15:55,568: get_throttling() 'Unsplash.com serverside options: {'min_fill_queue_interval': 2000, 'min_download_interval': 1200}'
INFO: 2021-08-27 22:15:55,568: download_one() 'Unsplash.com: Downloading an image, config: None'
INFO: 2021-08-27 22:15:55,568: download_one() 'Unsplash.com: Queue size: 0'
INFO: 2021-08-27 22:15:55,569: get_throttling() 'Unsplash.com: parsing serverside options'
INFO: 2021-08-27 22:15:55,569: get_throttling() 'Unsplash.com serverside options: {'min_fill_queue_interval': 2000, 'min_download_interval': 1200}'
INFO: 2021-08-27 22:15:55,569: download_one() 'Unsplash.com: Queue empty, but max_queue_fills_per_hour of 1 reached, will try again later'
INFO: 2021-08-27 22:18:56,571: get_throttling() 'Unsplash.com: parsing serverside options'
INFO: 2021-08-27 22:18:56,571: get_throttling() 'Unsplash.com serverside options: {'min_fill_queue_interval': 2000, 'min_download_interval': 1200}'
INFO: 2021-08-27 22:18:56,572: get_throttling() 'Unsplash.com: parsing serverside options'
INFO: 2021-08-27 22:18:56,572: get_throttling() 'Unsplash.com serverside options: {'min_fill_queue_interval': 2000, 'min_download_interval': 1200}'
INFO: 2021-08-27 22:18:56,572: download_one() 'Unsplash.com: Downloading an image, config: None'
INFO: 2021-08-27 22:18:56,572: download_one() 'Unsplash.com: Queue size: 0'
INFO: 2021-08-27 22:18:56,572: get_throttling() 'Unsplash.com: parsing serverside options'
INFO: 2021-08-27 22:18:56,573: get_throttling() 'Unsplash.com serverside options: {'min_fill_queue_interval': 2000, 'min_download_interval': 1200}'
INFO: 2021-08-27 22:18:56,573: download_one() 'Unsplash.com: Queue empty, but max_queue_fills_per_hour of 1 reached, will try again later'
INFO: 2021-08-27 22:21:57,575: get_throttling() 'Unsplash.com: parsing serverside options'
INFO: 2021-08-27 22:21:57,575: get_throttling() 'Unsplash.com serverside options: {'min_fill_queue_interval': 2000, 'min_download_interval': 1200}'
INFO: 2021-08-27 22:21:57,575: get_throttling() 'Unsplash.com: parsing serverside options'
INFO: 2021-08-27 22:21:57,576: get_throttling() 'Unsplash.com serverside options: {'min_fill_queue_interval': 2000, 'min_download_interval': 1200}'
INFO: 2021-08-27 22:21:57,576: download_one() 'Unsplash.com: Downloading an image, config: None'
INFO: 2021-08-27 22:21:57,576: download_one() 'Unsplash.com: Queue size: 0'
INFO: 2021-08-27 22:21:57,576: get_throttling() 'Unsplash.com: parsing serverside options'
INFO: 2021-08-27 22:21:57,576: get_throttling() 'Unsplash.com serverside options: {'min_fill_queue_interval': 2000, 'min_download_interval': 1200}'
INFO: 2021-08-27 22:21:57,576: download_one() 'Unsplash.com: Queue empty, but max_queue_fills_per_hour of 1 reached, will try again later'
